

============================== 2023-04-28 00:24:01.690728 | 6a79407d-b9dc-486a-95da-cc37d40e1ff4 ==============================
[0m00:24:01.690728 [info ] [MainThread]: Running with dbt=1.4.0
[0m00:24:01.692648 [debug] [MainThread]: running dbt with arguments {'write_json': True, 'use_colors': True, 'printer_width': 80, 'version_check': True, 'partial_parse': True, 'static_parser': True, 'profiles_dir': '/Users/lindsaymurphy/.dbt', 'send_anonymous_usage_stats': True, 'quiet': False, 'no_print': False, 'cache_selected_only': False, 'skip_profile_setup': False, 'which': 'init', 'indirect_selection': 'eager'}
[0m00:24:01.693071 [debug] [MainThread]: Tracking: tracking
[0m00:24:01.748108 [debug] [MainThread]: Sending event: {'category': 'dbt', 'action': 'invocation', 'label': 'start', 'context': [<snowplow_tracker.self_describing_json.SelfDescribingJson object at 0x103a455e0>, <snowplow_tracker.self_describing_json.SelfDescribingJson object at 0x103a32280>, <snowplow_tracker.self_describing_json.SelfDescribingJson object at 0x103a45ee0>]}
[0m00:27:07.850640 [debug] [MainThread]: Starter project path: /Users/lindsaymurphy/.local/share/virtualenvs/advanced_dbt-uga-Nx9x/lib/python3.8/site-packages/dbt/include/starter_project
[0m00:27:11.789615 [info ] [MainThread]: No sample profile found for duckdb.
[0m00:27:11.791112 [info ] [MainThread]: 
Your new dbt project "corise_advanced_dbt" was created!

For more information on how to configure the profiles.yml file,
please consult the dbt documentation here:

  https://docs.getdbt.com/docs/configure-your-profile

One more thing:

Need help? Don't hesitate to reach out to us via GitHub issues or on Slack:

  https://community.getdbt.com/

Happy modeling!

[0m00:27:11.792178 [debug] [MainThread]: Sending event: {'category': 'dbt', 'action': 'invocation', 'label': 'end', 'context': [<snowplow_tracker.self_describing_json.SelfDescribingJson object at 0x103a20970>, <snowplow_tracker.self_describing_json.SelfDescribingJson object at 0x103a20700>, <snowplow_tracker.self_describing_json.SelfDescribingJson object at 0x103a1f7c0>]}
[0m00:27:11.793079 [debug] [MainThread]: Flushing usage events


============================== 2023-04-28 00:49:28.295575 | 96a7d756-eb54-43f6-a0bc-6e45f9c15f63 ==============================
[0m00:49:28.295575 [info ] [MainThread]: Running with dbt=1.4.0
[0m00:49:28.300562 [debug] [MainThread]: running dbt with arguments {'write_json': True, 'use_colors': True, 'printer_width': 80, 'version_check': True, 'partial_parse': True, 'static_parser': True, 'profiles_dir': '/Users/lindsaymurphy/.dbt', 'send_anonymous_usage_stats': True, 'quiet': False, 'no_print': False, 'cache_selected_only': False, 'indirect_selection': 'eager', 'resource_types': [], 'which': 'build', 'rpc_method': 'build'}
[0m00:49:28.301300 [debug] [MainThread]: Tracking: tracking
[0m00:49:28.354760 [debug] [MainThread]: Sending event: {'category': 'dbt', 'action': 'invocation', 'label': 'start', 'context': [<snowplow_tracker.self_describing_json.SelfDescribingJson object at 0x1039b94f0>, <snowplow_tracker.self_describing_json.SelfDescribingJson object at 0x103a11a90>, <snowplow_tracker.self_describing_json.SelfDescribingJson object at 0x103a110d0>]}
[0m00:49:28.382395 [info ] [MainThread]: Unable to do partial parsing because saved manifest not found. Starting full parse.
[0m00:49:28.384173 [debug] [MainThread]: Sending event: {'category': 'dbt', 'action': 'partial_parser', 'label': '96a7d756-eb54-43f6-a0bc-6e45f9c15f63', 'context': [<snowplow_tracker.self_describing_json.SelfDescribingJson object at 0x103a35a90>]}
[0m00:49:29.506417 [debug] [MainThread]: 1699: static parser successfully parsed example/my_first_dbt_model.sql
[0m00:49:29.526580 [debug] [MainThread]: 1699: static parser successfully parsed example/my_second_dbt_model.sql
[0m00:49:29.619619 [debug] [MainThread]: Sending event: {'category': 'dbt', 'action': 'load_project', 'label': '96a7d756-eb54-43f6-a0bc-6e45f9c15f63', 'context': [<snowplow_tracker.self_describing_json.SelfDescribingJson object at 0x103b1ea90>]}
[0m00:49:29.629614 [debug] [MainThread]: Sending event: {'category': 'dbt', 'action': 'resource_counts', 'label': '96a7d756-eb54-43f6-a0bc-6e45f9c15f63', 'context': [<snowplow_tracker.self_describing_json.SelfDescribingJson object at 0x103b629a0>]}
[0m00:49:29.630213 [info ] [MainThread]: Found 2 models, 4 tests, 0 snapshots, 0 analyses, 295 macros, 0 operations, 0 seed files, 0 sources, 0 exposures, 0 metrics
[0m00:49:29.630709 [debug] [MainThread]: Sending event: {'category': 'dbt', 'action': 'runnable_timing', 'label': '96a7d756-eb54-43f6-a0bc-6e45f9c15f63', 'context': [<snowplow_tracker.self_describing_json.SelfDescribingJson object at 0x103a35760>]}
[0m00:49:29.632899 [info ] [MainThread]: 
[0m00:49:29.635371 [debug] [MainThread]: Acquiring new duckdb connection 'master'
[0m00:49:29.637822 [debug] [ThreadPool]: Acquiring new duckdb connection 'list_database_name'
[0m00:49:29.664825 [debug] [ThreadPool]: Using duckdb connection "list_database_name"
[0m00:49:29.665509 [debug] [ThreadPool]: On list_database_name: /* {"app": "dbt", "dbt_version": "1.4.0", "profile_name": "advanced_dbt", "target_name": "dev", "connection_name": "list_database_name"} */

    
    select schema_name
    from information_schema.schemata
  
  
[0m00:49:29.665952 [debug] [ThreadPool]: Opening a new connection, currently in state init
[0m00:49:29.685030 [debug] [MainThread]: Connection 'master' was properly closed.
[0m00:49:29.685512 [debug] [MainThread]: Connection 'list_database_name' was properly closed.
[0m00:49:29.685874 [info ] [MainThread]: 
[0m00:49:29.686393 [info ] [MainThread]: Finished running  in 0 hours 0 minutes and 0.05 seconds (0.05s).
[0m00:49:29.687378 [debug] [MainThread]: Sending event: {'category': 'dbt', 'action': 'invocation', 'label': 'end', 'context': [<snowplow_tracker.self_describing_json.SelfDescribingJson object at 0x103b1e460>, <snowplow_tracker.self_describing_json.SelfDescribingJson object at 0x103b52c10>, <snowplow_tracker.self_describing_json.SelfDescribingJson object at 0x103bdd5b0>]}
[0m00:49:29.687950 [debug] [MainThread]: Flushing usage events
[0m00:49:29.905350 [error] [MainThread]: Encountered an error:
Runtime Error
  IO Error: Cannot open file "/Users/lindsaymurphy/Projects/advanced_dbt/file_path/database_name.duckdb": No such file or directory


============================== 2023-04-28 15:11:33.944560 | 9601d792-c733-4ebd-abfd-6adc2874e829 ==============================
[0m15:11:33.944560 [info ] [MainThread]: Running with dbt=1.4.0
[0m15:11:33.955762 [debug] [MainThread]: running dbt with arguments {'write_json': True, 'use_colors': True, 'printer_width': 80, 'version_check': True, 'partial_parse': True, 'static_parser': True, 'profiles_dir': '/Users/lindsaymurphy/.dbt', 'send_anonymous_usage_stats': True, 'quiet': False, 'no_print': False, 'cache_selected_only': False, 'indirect_selection': 'eager', 'resource_types': [], 'which': 'build', 'rpc_method': 'build'}
[0m15:11:33.956414 [debug] [MainThread]: Tracking: tracking
[0m15:11:34.023807 [debug] [MainThread]: Sending event: {'category': 'dbt', 'action': 'invocation', 'label': 'start', 'context': [<snowplow_tracker.self_describing_json.SelfDescribingJson object at 0x1113245b0>, <snowplow_tracker.self_describing_json.SelfDescribingJson object at 0x111324910>, <snowplow_tracker.self_describing_json.SelfDescribingJson object at 0x111324c40>]}
[0m15:11:34.135691 [debug] [MainThread]: Partial parsing enabled: 0 files deleted, 9 files added, 0 files changed.
[0m15:11:34.136364 [debug] [MainThread]: Partial parsing: added file: advanced_dbt://macros/list_to_where_in.sql
[0m15:11:34.136822 [debug] [MainThread]: Partial parsing: added file: advanced_dbt://macros/standardize_province.sql
[0m15:11:34.137279 [debug] [MainThread]: Partial parsing: added file: advanced_dbt://macros/sdc_deleted_at_exists.sql
[0m15:11:34.137706 [debug] [MainThread]: Partial parsing: added file: advanced_dbt://macros/convert_timestamp_to_now.sql
[0m15:11:34.138071 [debug] [MainThread]: Partial parsing: added file: advanced_dbt://macros/add_missing_stitch_column.sql
[0m15:11:34.138458 [debug] [MainThread]: Partial parsing: added file: advanced_dbt://macros/cents_to_dollars.sql
[0m15:11:34.138841 [debug] [MainThread]: Partial parsing: added file: advanced_dbt://macros/acquisition_channel.sql
[0m15:11:34.139190 [debug] [MainThread]: Partial parsing: added file: advanced_dbt://macros/convert_empty_string_to_null.sql
[0m15:11:34.139512 [debug] [MainThread]: Partial parsing: added file: advanced_dbt://macros/calculate_age.sql
[0m15:11:34.210867 [debug] [MainThread]: Sending event: {'category': 'dbt', 'action': 'load_project', 'label': '9601d792-c733-4ebd-abfd-6adc2874e829', 'context': [<snowplow_tracker.self_describing_json.SelfDescribingJson object at 0x1115879d0>]}
[0m15:11:34.227355 [debug] [MainThread]: Sending event: {'category': 'dbt', 'action': 'resource_counts', 'label': '9601d792-c733-4ebd-abfd-6adc2874e829', 'context': [<snowplow_tracker.self_describing_json.SelfDescribingJson object at 0x111555250>]}
[0m15:11:34.228072 [info ] [MainThread]: Found 2 models, 4 tests, 0 snapshots, 0 analyses, 305 macros, 0 operations, 0 seed files, 0 sources, 0 exposures, 0 metrics
[0m15:11:34.228699 [debug] [MainThread]: Sending event: {'category': 'dbt', 'action': 'runnable_timing', 'label': '9601d792-c733-4ebd-abfd-6adc2874e829', 'context': [<snowplow_tracker.self_describing_json.SelfDescribingJson object at 0x111555190>]}
[0m15:11:34.231316 [info ] [MainThread]: 
[0m15:11:34.233935 [debug] [MainThread]: Acquiring new duckdb connection 'master'
[0m15:11:34.241445 [debug] [ThreadPool]: Acquiring new duckdb connection 'list_database_name'
[0m15:11:34.283335 [debug] [ThreadPool]: Using duckdb connection "list_database_name"
[0m15:11:34.283794 [debug] [ThreadPool]: On list_database_name: /* {"app": "dbt", "dbt_version": "1.4.0", "profile_name": "advanced_dbt", "target_name": "dev", "connection_name": "list_database_name"} */

    
    select schema_name
    from information_schema.schemata
  
  
[0m15:11:34.284617 [debug] [ThreadPool]: Opening a new connection, currently in state init
[0m15:11:34.303068 [debug] [MainThread]: Connection 'master' was properly closed.
[0m15:11:34.303561 [debug] [MainThread]: Connection 'list_database_name' was properly closed.
[0m15:11:34.304044 [info ] [MainThread]: 
[0m15:11:34.304631 [info ] [MainThread]: Finished running  in 0 hours 0 minutes and 0.07 seconds (0.07s).
[0m15:11:34.305592 [debug] [MainThread]: Sending event: {'category': 'dbt', 'action': 'invocation', 'label': 'end', 'context': [<snowplow_tracker.self_describing_json.SelfDescribingJson object at 0x111587dc0>, <snowplow_tracker.self_describing_json.SelfDescribingJson object at 0x1115c85e0>, <snowplow_tracker.self_describing_json.SelfDescribingJson object at 0x1115c81f0>]}
[0m15:11:34.306062 [debug] [MainThread]: Flushing usage events
[0m15:11:34.528522 [error] [MainThread]: Encountered an error:
Runtime Error
  IO Error: Cannot open file "/Users/lindsaymurphy/Projects/advanced_dbt/file_path/database_name.duckdb": No such file or directory
